<?xml version="1.0" encoding="utf-8"?><testsuites name="pytest tests"><testsuite name="pytest" errors="0" failures="0" skipped="0" tests="7" time="2.508" timestamp="2026-08-10T19:14:00.865595+00:00" hostname="agent-env-676e7d0b-0f94-4b28-8d07-b5c7eaffabe2"><testcase classname="tests.test_auth_me_fix" name="test_auth_me_guest_no_token" time="0.225" /><testcase classname="tests.test_auth_me_fix" name="test_auth_me_guest_invalid_token" time="0.131" /><testcase classname="tests.test_auth_me_fix" name="test_auth_me_guest_malformed_jwt" time="0.197" /><testcase classname="tests.test_auth_me_fix" name="test_admin_login_and_me" time="0.678" /><testcase classname="tests.test_auth_me_fix" name="test_admin_endpoint_requires_auth" time="0.115" /><testcase classname="tests.test_auth_me_fix" name="test_admin_endpoint_with_admin_session" time="0.542" /><testcase classname="tests.test_auth_me_fix" name="test_catalog_products_available" time="0.126" /></testsuite></testsuites>