<?xml version="1.0" encoding="utf-8"?><testsuites name="pytest tests"><testsuite name="pytest" errors="0" failures="0" skipped="1" tests="9" time="3.081" timestamp="2026-08-10T20:27:57.750148+00:00" hostname="agent-env-676e7d0b-0f94-4b28-8d07-b5c7eaffabe2"><testcase classname="tests.test_bulk_invite.TestBulkInviteAuth" name="test_no_auth_returns_401" time="0.395" /><testcase classname="tests.test_bulk_invite.TestBulkInviteFlow" name="test_happy_path_new_invites" time="0.953" /><testcase classname="tests.test_bulk_invite.TestBulkInviteFlow" name="test_duplicate_in_csv_marked_skipped" time="0.341" /><testcase classname="tests.test_bulk_invite.TestBulkInviteFlow" name="test_invalid_email_goes_to_failed" time="0.413" /><testcase classname="tests.test_bulk_invite.TestBulkInviteAuth" name="test_non_admin_returns_401_or_403" time="0.914"><skipped type="pytest.skip" message="Cannot obtain non-admin token (email verification required)">/app/backend/tests/test_bulk_invite.py:58: Cannot obtain non-admin token (email verification required)</skipped></testcase><testcase classname="tests.test_bulk_invite.TestBulkInviteAuth" name="test_garbage_bearer_returns_401" time="0.156" /><testcase classname="tests.test_bulk_invite.TestBulkInviteFlow" name="test_reinvite_preserves_code" time="0.567" /><testcase classname="tests.test_bulk_invite.TestBulkInviteFlow" name="test_already_active_is_skipped" time="0.323" /><testcase classname="tests.test_bulk_invite.TestBulkInviteFlow" name="test_empty_rows_rejected" time="0.105" /></testsuite></testsuites>