<?xml version="1.0" encoding="utf-8"?><testsuites name="pytest tests"><testsuite name="pytest" errors="0" failures="0" skipped="0" tests="5" time="2.404" timestamp="2026-07-02T01:02:16.405808+00:00" hostname="agent-env-676e7d0b-0f94-4b28-8d07-b5c7eaffabe2"><testcase classname="tests.test_iter9_variant_sale_preorder" name="test_product_variants_expose_sale_and_coa" time="0.188" /><testcase classname="tests.test_iter9_variant_sale_preorder" name="test_checkout_5mg_uses_sale_price_and_decrements" time="0.122" /><testcase classname="tests.test_iter9_variant_sale_preorder" name="test_checkout_10mg_is_preorder_no_stock_decrement" time="0.105" /><testcase classname="tests.test_iter9_variant_sale_preorder" name="test_admin_update_persists_sale_and_coa" time="0.949" /><testcase classname="tests.test_iter9_variant_sale_preorder" name="test_zzz_cleanup" time="0.004" /></testsuite></testsuites>