<?xml version="1.0" encoding="utf-8"?><testsuites name="pytest tests"><testsuite name="pytest" errors="0" failures="0" skipped="0" tests="6" time="2.586" timestamp="2026-08-10T20:47:57.725755+00:00" hostname="agent-env-676e7d0b-0f94-4b28-8d07-b5c7eaffabe2"><testcase classname="tests.test_affiliate_top_products_and_cf_ip.TestAffiliateTopProducts" name="test_401_without_auth" time="0.435" /><testcase classname="tests.test_affiliate_top_products_and_cf_ip.TestAffiliateTopProducts" name="test_403_non_affiliate" time="1.358" /><testcase classname="tests.test_affiliate_top_products_and_cf_ip.TestAffiliateTopProducts" name="test_active_affiliate_success_shape_and_sort" time="0.205" /><testcase classname="tests.test_affiliate_top_products_and_cf_ip.TestAffiliateTopProducts" name="test_limit_param_bounds" time="0.411" /><testcase classname="tests.test_affiliate_top_products_and_cf_ip.TestClientIpCloudflare" name="test_cf_ip_triggers_rate_limit_and_fresh_ip_still_401" time="0.024" /><testcase classname="tests.test_affiliate_top_products_and_cf_ip.TestClientIpCloudflare" name="test_invalid_cf_ip_falls_back" time="0.011" /></testsuite></testsuites>