<?xml version="1.0" encoding="utf-8"?><testsuites name="pytest tests"><testsuite name="pytest" errors="0" failures="14" skipped="6" tests="46" time="9.361" timestamp="2026-08-16T01:14:26.362800+00:00" hostname="agent-env-676e7d0b-0f94-4b28-8d07-b5c7eaffabe2"><testcase classname="tests.test_sprint5_affiliate_e2e.TestPayoutConfig" name="test_valid_erc20_usdt" time="0.681" /><testcase classname="tests.test_sprint5_affiliate_e2e.TestPayoutConfig" name="test_trc20_usdt_review_expected_200" time="0.049"><skipped type="pytest.skip" message="TRC20 accepted — spec matches impl">/app/backend/tests/test_sprint5_affiliate_e2e.py:222: TRC20 accepted — spec matches impl</skipped></testcase><testcase classname="tests.test_sprint4_e2e.TestCoupon" name="test_apply_coupon_reduces_total" time="1.054"><failure message="AssertionError: {&quot;detail&quot;:{&quot;code&quot;:&quot;invalid_shipping_address&quot;,&quot;message&quot;:&quot;L'adresse de livraison n'a pas pu être vérifiée. Veuillez la corriger ou accepter la suggestion proposée.&quot;,&quot;suggestions&quot;:[{&quot;formattedAddress&quot;:&quot;123 Rue Sprint #4, Montréal, QC H2X 1Y4, Canada&quot;,&quot;postalAddress&quot;:{&quot;regionCode&quot;:&quot;CA&quot;,&quot;languageCode&quot;:&quot;fr&quot;,&quot;postalCode&quot;:&quot;H2X 1Y4&quot;,&quot;administrativeArea&quot;:&quot;QC&quot;,&quot;locality&quot;:&quot;Montréal&quot;,&quot;addressLines&quot;:[&quot;123 Rue S&#10;assert 422 in (200, 201)&#10; +  where 422 = &lt;Response [422]&gt;.status_code">E   AssertionError: {"detail":{"code":"invalid_shipping_address","message":"L'adresse de livraison n'a pas pu être vérifiée. Veuillez la corriger ou accepter la suggestion proposée.","suggestions":[{"formattedAddress":"123 Rue Sprint #4, Montréal, QC H2X 1Y4, Canada","postalAddress":{"regionCode":"CA","languageCode":"fr","postalCode":"H2X 1Y4","administrativeArea":"QC","locality":"Montréal","addressLines":["123 Rue S
    assert 422 in (200, 201)
     +  where 422 = &lt;Response [422]&gt;.status_code</failure></testcase><testcase classname="tests.test_sprint5_affiliate_e2e.TestPayoutConfig" name="test_invalid_short_address_400" time="0.051" /><testcase classname="tests.test_sprint5_affiliate_e2e.TestPayoutConfig" name="test_disallowed_currency_rejected" time="0.047" /><testcase classname="tests.test_sprint5_affiliate_e2e.TestPayoutConfig" name="test_fx_rate_on_dashboard" time="0.191" /><testcase classname="tests.test_sprint6a_smoke.TestPublicHealth" name="test_products" time="0.229" /><testcase classname="tests.test_sprint4_e2e.TestCoupon" name="test_coupon_used_count_increments_only_after_paid" time="0.218"><skipped type="pytest.skip" message="No pending coupon order to confirm">/app/backend/tests/test_sprint4_e2e.py:292: No pending coupon order to confirm</skipped></testcase><testcase classname="tests.test_sprint6a_smoke.TestPublicHealth" name="test_categories" time="0.105" /><testcase classname="tests.test_sprint4_e2e.TestCoupon" name="test_coupon_exhausted_beyond_max_uses" time="0.132"><failure message="AssertionError: Expected 400/403 when coupon exhausted, got 422 {&quot;detail&quot;:{&quot;code&quot;:&quot;invalid_shipping_address&quot;,&quot;message&quot;:&quot;L'adresse de livraison n'a pas pu être vérifiée. Veuillez la corriger ou accepter la suggestion proposée.&quot;,&quot;suggestions&quot;:[{&quot;formattedAddress&quot;:&quot;1&#10;assert 422 in (400, 403)&#10; +  where 422 = &lt;Response [422]&gt;.status_code">E   AssertionError: Expected 400/403 when coupon exhausted, got 422 {"detail":{"code":"invalid_shipping_address","message":"L'adresse de livraison n'a pas pu être vérifiée. Veuillez la corriger ou accepter la suggestion proposée.","suggestions":[{"formattedAddress":"1
    assert 422 in (400, 403)
     +  where 422 = &lt;Response [422]&gt;.status_code</failure></testcase><testcase classname="tests.test_sprint6a_smoke.TestPublicHealth" name="test_menus" time="0.149" /><testcase classname="tests.test_sprint4_e2e.TestCoupon" name="test_paid_order_cancel_decrements_coupon" time="0.538"><skipped type="pytest.skip" message="No paid coupon order to cancel">/app/backend/tests/test_sprint4_e2e.py:336: No paid coupon order to cancel</skipped></testcase><testcase classname="tests.test_sprint6a_smoke.TestPublicHealth" name="test_site_settings_endpoint_status" time="0.109"><skipped type="pytest.skip" message="/api/site/settings not implemented (documented in report)">/app/backend/tests/test_sprint6a_smoke.py:76: /api/site/settings not implemented (documented in report)</skipped></testcase><testcase classname="tests.test_sprint4_e2e.TestServerDerivedPricing" name="test_flat_shipping_when_under_threshold" time="0.378"><failure message="AssertionError: {&quot;detail&quot;:{&quot;code&quot;:&quot;invalid_shipping_address&quot;,&quot;message&quot;:&quot;L'adresse de livraison n'a pas pu être vérifiée. Veuillez la corriger ou accepter la suggestion proposée.&quot;,&quot;suggestions&quot;:[{&quot;formattedAddress&quot;:&quot;123 Rue Sprint #4, Montréal, QC H2X 1Y4, Canada&quot;,&quot;postalAddress&quot;:{&quot;regionCode&quot;:&quot;CA&quot;,&quot;languageCode&quot;:&quot;fr&quot;,&quot;postalCode&quot;:&quot;H2X 1Y4&quot;,&quot;administrativeArea&quot;:&quot;QC&quot;,&quot;locality&quot;:&quot;Montréal&quot;,&quot;addressLines&quot;:[&quot;123 Rue S&#10;assert 422 in (200, 201)&#10; +  where 422 = &lt;Response [422]&gt;.status_code">E   AssertionError: {"detail":{"code":"invalid_shipping_address","message":"L'adresse de livraison n'a pas pu être vérifiée. Veuillez la corriger ou accepter la suggestion proposée.","suggestions":[{"formattedAddress":"123 Rue Sprint #4, Montréal, QC H2X 1Y4, Canada","postalAddress":{"regionCode":"CA","languageCode":"fr","postalCode":"H2X 1Y4","administrativeArea":"QC","locality":"Montréal","addressLines":["123 Rue S
    assert 422 in (200, 201)
     +  where 422 = &lt;Response [422]&gt;.status_code</failure></testcase><testcase classname="tests.test_sprint4_e2e.TestServerDerivedPricing" name="test_free_shipping_over_threshold" time="0.312"><failure message="AssertionError: {&quot;detail&quot;:{&quot;code&quot;:&quot;invalid_shipping_address&quot;,&quot;message&quot;:&quot;L'adresse de livraison n'a pas pu être vérifiée. Veuillez la corriger ou accepter la suggestion proposée.&quot;,&quot;suggestions&quot;:[{&quot;formattedAddress&quot;:&quot;123 Rue Sprint #4, Montréal, QC H2X 1Y4, Canada&quot;,&quot;postalAddress&quot;:{&quot;regionCode&quot;:&quot;CA&quot;,&quot;languageCode&quot;:&quot;fr&quot;,&quot;postalCode&quot;:&quot;H2X 1Y4&quot;,&quot;administrativeArea&quot;:&quot;QC&quot;,&quot;locality&quot;:&quot;Montréal&quot;,&quot;addressLines&quot;:[&quot;123 Rue S&#10;assert 422 in (200, 201)&#10; +  where 422 = &lt;Response [422]&gt;.status_code">E   AssertionError: {"detail":{"code":"invalid_shipping_address","message":"L'adresse de livraison n'a pas pu être vérifiée. Veuillez la corriger ou accepter la suggestion proposée.","suggestions":[{"formattedAddress":"123 Rue Sprint #4, Montréal, QC H2X 1Y4, Canada","postalAddress":{"regionCode":"CA","languageCode":"fr","postalCode":"H2X 1Y4","administrativeArea":"QC","locality":"Montréal","addressLines":["123 Rue S
    assert 422 in (200, 201)
     +  where 422 = &lt;Response [422]&gt;.status_code</failure></testcase><testcase classname="tests.test_sprint6a_smoke.TestAdminEndpoints" name="test_admin_orders" time="0.537" /><testcase classname="tests.test_sprint4_e2e.TestServerDerivedPricing" name="test_pricing_tampering_ignored" time="0.446"><failure message="AssertionError: {&quot;detail&quot;:{&quot;code&quot;:&quot;invalid_shipping_address&quot;,&quot;message&quot;:&quot;L'adresse de livraison n'a pas pu être vérifiée. Veuillez la corriger ou accepter la suggestion proposée.&quot;,&quot;suggestions&quot;:[{&quot;formattedAddress&quot;:&quot;123 Rue Sprint #4, Montréal, QC H2X 1Y4, Canada&quot;,&quot;postalAddress&quot;:{&quot;regionCode&quot;:&quot;CA&quot;,&quot;languageCode&quot;:&quot;fr&quot;,&quot;postalCode&quot;:&quot;H2X 1Y4&quot;,&quot;administrativeArea&quot;:&quot;QC&quot;,&quot;locality&quot;:&quot;Montréal&quot;,&quot;addressLines&quot;:[&quot;123 Rue S&#10;assert 422 in (200, 201)&#10; +  where 422 = &lt;Response [422]&gt;.status_code">E   AssertionError: {"detail":{"code":"invalid_shipping_address","message":"L'adresse de livraison n'a pas pu être vérifiée. Veuillez la corriger ou accepter la suggestion proposée.","suggestions":[{"formattedAddress":"123 Rue Sprint #4, Montréal, QC H2X 1Y4, Canada","postalAddress":{"regionCode":"CA","languageCode":"fr","postalCode":"H2X 1Y4","administrativeArea":"QC","locality":"Montréal","addressLines":["123 Rue S
    assert 422 in (200, 201)
     +  where 422 = &lt;Response [422]&gt;.status_code</failure></testcase><testcase classname="tests.test_sprint6a_smoke.TestAdminEndpoints" name="test_admin_customers" time="0.277" /><testcase classname="tests.test_sprint6a_smoke.TestAdminEndpoints" name="test_admin_affiliates" time="0.056" /><testcase classname="tests.test_sprint6a_smoke.TestAdminEndpoints" name="test_admin_affiliate_payouts_runs" time="0.142" /><testcase classname="tests.test_sprint5_affiliate_e2e.TestPayoutRuns" name="test_run_endpoint_shape" time="0.565" /><testcase classname="tests.test_sprint5_affiliate_e2e.TestPayoutRuns" name="test_runs_history_endpoint" time="0.079" /><testcase classname="tests.test_sprint5_affiliate_e2e.TestDemoAffiliateDashboard" name="test_demo_login_and_dashboard" time="0.496" /><testcase classname="tests.test_sprint5_affiliate_e2e.TestPayoutRuns" name="test_mark_paid_flow" time="0.096"><skipped type="pytest.skip" message="no ready payouts to mark paid">/app/backend/tests/test_sprint5_affiliate_e2e.py:301: no ready payouts to mark paid</skipped></testcase><testcase classname="tests.test_sprint5_affiliate_e2e.TestDemoAffiliateDashboard" name="test_demo_top_products" time="0.132" /><testcase classname="tests.test_sprint5_affiliate_e2e.TestOnboarding" name="test_invite_and_join_magic_link" time="0.445" /><testcase classname="tests.test_sprint5_affiliate_e2e.TestDemoAffiliateDashboard" name="test_demo_referrals" time="0.054" /><testcase classname="tests.test_sprint5_affiliate_e2e.TestReferralCookie" name="test_valid_code_sets_cookie" time="0.259" /><testcase classname="tests.test_sprint5_affiliate_e2e.TestReferralCookie" name="test_invalid_code_returns_404" time="0.103" /><testcase classname="tests.test_sprint5_affiliate_e2e.TestOnboarding" name="test_invite_deterministic_code_format_and_collision" time="0.902" /><testcase classname="tests.test_sprint6a_smoke.TestAffiliate" name="test_affiliate_join_requires_token" time="0.104" /><testcase classname="tests.test_sprint6a_smoke.TestAffiliate" name="test_affiliate_join_bad_token" time="0.235" /><testcase classname="tests.test_sprint4_e2e.TestIdempotency" name="test_same_key_returns_same_order" time="0.458"><failure message="AssertionError: r1=422 r2=422&#10;assert (422 in (200, 201))&#10; +  where 422 = &lt;Response [422]&gt;.status_code">E   AssertionError: r1=422 r2=422
    assert (422 in (200, 201))
     +  where 422 = &lt;Response [422]&gt;.status_code</failure></testcase><testcase classname="tests.test_sprint4_e2e.TestOutOfStock" name="test_qty_over_stock_without_preorder_rejected" time="0.122"><failure message="AssertionError: expected 400 for OOS, got 422 {&quot;detail&quot;:{&quot;code&quot;:&quot;invalid_shipping_address&quot;,&quot;message&quot;:&quot;L'adresse de livraison n'a pas pu être vérifiée. Veuillez la corriger ou accepter la suggestion proposée.&quot;,&quot;suggestions&quot;:[{&quot;formattedAddress&quot;:&quot;1&#10;assert 422 == 400&#10; +  where 422 = &lt;Response [422]&gt;.status_code">E   AssertionError: expected 400 for OOS, got 422 {"detail":{"code":"invalid_shipping_address","message":"L'adresse de livraison n'a pas pu être vérifiée. Veuillez la corriger ou accepter la suggestion proposée.","suggestions":[{"formattedAddress":"1
    assert 422 == 400
     +  where 422 = &lt;Response [422]&gt;.status_code</failure></testcase><testcase classname="tests.test_sprint4_e2e.TestGuestCheckout" name="test_guest_checkout_and_access_token" time="0.103"><failure message="AssertionError: {&quot;detail&quot;:{&quot;code&quot;:&quot;invalid_shipping_address&quot;,&quot;message&quot;:&quot;L'adresse de livraison n'a pas pu être vérifiée. Veuillez la corriger ou accepter la suggestion proposée.&quot;,&quot;suggestions&quot;:[{&quot;formattedAddress&quot;:&quot;123 Rue Sprint #4, Montréal, QC H2X 1Y4, Canada&quot;,&quot;postalAddress&quot;:{&quot;regionCode&quot;:&quot;CA&quot;,&quot;languageCode&quot;:&quot;fr&quot;,&quot;postalCode&quot;:&quot;H2X 1Y4&quot;,&quot;administrativeArea&quot;:&quot;QC&quot;,&quot;locality&quot;:&quot;Montréal&quot;,&quot;addressLines&quot;:[&quot;123 Rue S&#10;assert 422 in (200, 201)&#10; +  where 422 = &lt;Response [422]&gt;.status_code">E   AssertionError: {"detail":{"code":"invalid_shipping_address","message":"L'adresse de livraison n'a pas pu être vérifiée. Veuillez la corriger ou accepter la suggestion proposée.","suggestions":[{"formattedAddress":"123 Rue Sprint #4, Montréal, QC H2X 1Y4, Canada","postalAddress":{"regionCode":"CA","languageCode":"fr","postalCode":"H2X 1Y4","administrativeArea":"QC","locality":"Montréal","addressLines":["123 Rue S
    assert 422 in (200, 201)
     +  where 422 = &lt;Response [422]&gt;.status_code</failure></testcase><testcase classname="tests.test_sprint6a_smoke.TestGuestCheckout" name="test_guest_checkout_creates_pending_order" time="0.574"><failure message="AssertionError: 422 {&quot;detail&quot;:{&quot;code&quot;:&quot;invalid_shipping_address&quot;,&quot;message&quot;:&quot;L'adresse de livraison n'a pas pu être vérifiée. Veuillez la corriger ou accepter la suggestion proposée.&quot;,&quot;suggestions&quot;:[{&quot;formattedAddress&quot;:&quot;123 Rue Test, Montréal, QC H2X 1Y4, Canada&quot;,&quot;postalAddress&quot;:{&quot;regionCode&quot;:&quot;CA&quot;,&quot;languageCode&quot;:&quot;fr&quot;,&quot;postalCode&quot;:&quot;H2X 1Y4&quot;,&quot;administrativeArea&quot;:&quot;QC&quot;,&quot;locality&quot;:&quot;Montréal&quot;,&quot;addressLines&quot;:[&quot;123 Rue Test&quot;]},&quot;addressComponents&quot;:[{&quot;componentName&quot;:{&quot;text&quot;:&quot;123&quot;},&quot;componentType&quot;:&quot;street_number&quot;,&quot;confirmation&#10;assert 422 in (200, 201)&#10; +  where 422 = &lt;Response [422]&gt;.status_code">E   AssertionError: 422 {"detail":{"code":"invalid_shipping_address","message":"L'adresse de livraison n'a pas pu être vérifiée. Veuillez la corriger ou accepter la suggestion proposée.","suggestions":[{"formattedAddress":"123 Rue Test, Montréal, QC H2X 1Y4, Canada","postalAddress":{"regionCode":"CA","languageCode":"fr","postalCode":"H2X 1Y4","administrativeArea":"QC","locality":"Montréal","addressLines":["123 Rue Test"]},"addressComponents":[{"componentName":{"text":"123"},"componentType":"street_number","confirmation
    assert 422 in (200, 201)
     +  where 422 = &lt;Response [422]&gt;.status_code</failure></testcase><testcase classname="tests.test_sprint4_e2e.TestEmailOutbox" name="test_email_queued_after_checkout" time="0.488"><failure message="AssertionError: {&quot;detail&quot;:{&quot;code&quot;:&quot;invalid_shipping_address&quot;,&quot;message&quot;:&quot;L'adresse de livraison n'a pas pu être vérifiée. Veuillez la corriger ou accepter la suggestion proposée.&quot;,&quot;suggestions&quot;:[{&quot;formattedAddress&quot;:&quot;123 Rue Sprint #4, Montréal, QC H2X 1Y4, Canada&quot;,&quot;postalAddress&quot;:{&quot;regionCode&quot;:&quot;CA&quot;,&quot;languageCode&quot;:&quot;fr&quot;,&quot;postalCode&quot;:&quot;H2X 1Y4&quot;,&quot;administrativeArea&quot;:&quot;QC&quot;,&quot;locality&quot;:&quot;Montréal&quot;,&quot;addressLines&quot;:[&quot;123 Rue S&#10;assert 422 in (200, 201)&#10; +  where 422 = &lt;Response [422]&gt;.status_code">E   AssertionError: {"detail":{"code":"invalid_shipping_address","message":"L'adresse de livraison n'a pas pu être vérifiée. Veuillez la corriger ou accepter la suggestion proposée.","suggestions":[{"formattedAddress":"123 Rue Sprint #4, Montréal, QC H2X 1Y4, Canada","postalAddress":{"regionCode":"CA","languageCode":"fr","postalCode":"H2X 1Y4","administrativeArea":"QC","locality":"Montréal","addressLines":["123 Rue S
    assert 422 in (200, 201)
     +  where 422 = &lt;Response [422]&gt;.status_code</failure></testcase><testcase classname="tests.test_sprint6a_smoke.TestGuestCheckout" name="test_idempotency_key_returns_same_order" time="0.367"><failure message="assert 422 in (200, 201)&#10; +  where 422 = &lt;Response [422]&gt;.status_code">E   assert 422 in (200, 201)
     +  where 422 = &lt;Response [422]&gt;.status_code</failure></testcase><testcase classname="tests.test_sprint4_e2e.TestFulfillment" name="test_shipping_rates_and_create_label" time="0.110"><failure message="AssertionError: {&quot;detail&quot;:{&quot;code&quot;:&quot;invalid_shipping_address&quot;,&quot;message&quot;:&quot;L'adresse de livraison n'a pas pu être vérifiée. Veuillez la corriger ou accepter la suggestion proposée.&quot;,&quot;suggestions&quot;:[{&quot;formattedAddress&quot;:&quot;123 Rue Sprint #4, Montréal, QC H2X 1Y4, Canada&quot;,&quot;postalAddress&quot;:{&quot;regionCode&quot;:&quot;CA&quot;,&quot;languageCode&quot;:&quot;fr&quot;,&quot;postalCode&quot;:&quot;H2X 1Y4&quot;,&quot;administrativeArea&quot;:&quot;QC&quot;,&quot;locality&quot;:&quot;Montréal&quot;,&quot;addressLines&quot;:[&quot;123 Rue S&#10;assert 422 in (200, 201)&#10; +  where 422 = &lt;Response [422]&gt;.status_code">E   AssertionError: {"detail":{"code":"invalid_shipping_address","message":"L'adresse de livraison n'a pas pu être vérifiée. Veuillez la corriger ou accepter la suggestion proposée.","suggestions":[{"formattedAddress":"123 Rue Sprint #4, Montréal, QC H2X 1Y4, Canada","postalAddress":{"regionCode":"CA","languageCode":"fr","postalCode":"H2X 1Y4","administrativeArea":"QC","locality":"Montréal","addressLines":["123 Rue S
    assert 422 in (200, 201)
     +  where 422 = &lt;Response [422]&gt;.status_code</failure></testcase><testcase classname="tests.test_sprint4_e2e.TestAdminConfirmPayment" name="test_confirm_payment_marks_paid" time="0.516"><failure message="AssertionError: {&quot;detail&quot;:{&quot;code&quot;:&quot;invalid_shipping_address&quot;,&quot;message&quot;:&quot;L'adresse de livraison n'a pas pu être vérifiée. Veuillez la corriger ou accepter la suggestion proposée.&quot;,&quot;suggestions&quot;:[{&quot;formattedAddress&quot;:&quot;123 Rue Sprint #4, Montréal, QC H2X 1Y4, Canada&quot;,&quot;postalAddress&quot;:{&quot;regionCode&quot;:&quot;CA&quot;,&quot;languageCode&quot;:&quot;fr&quot;,&quot;postalCode&quot;:&quot;H2X 1Y4&quot;,&quot;administrativeArea&quot;:&quot;QC&quot;,&quot;locality&quot;:&quot;Montréal&quot;,&quot;addressLines&quot;:[&quot;123 Rue S&#10;assert 422 in (200, 201)&#10; +  where 422 = &lt;Response [422]&gt;.status_code">E   AssertionError: {"detail":{"code":"invalid_shipping_address","message":"L'adresse de livraison n'a pas pu être vérifiée. Veuillez la corriger ou accepter la suggestion proposée.","suggestions":[{"formattedAddress":"123 Rue Sprint #4, Montréal, QC H2X 1Y4, Canada","postalAddress":{"regionCode":"CA","languageCode":"fr","postalCode":"H2X 1Y4","administrativeArea":"QC","locality":"Montréal","addressLines":["123 Rue S
    assert 422 in (200, 201)
     +  where 422 = &lt;Response [422]&gt;.status_code</failure></testcase><testcase classname="tests.test_sprint4_e2e.TestAffiliateAttribution" name="test_affiliate_cookie_attaches_to_order" time="1.081"><failure message="AssertionError: {&quot;detail&quot;:{&quot;code&quot;:&quot;invalid_shipping_address&quot;,&quot;message&quot;:&quot;L'adresse de livraison n'a pas pu être vérifiée. Veuillez la corriger ou accepter la suggestion proposée.&quot;,&quot;suggestions&quot;:[{&quot;formattedAddress&quot;:&quot;123 Rue Sprint #4, Montréal, QC H2X 1Y4, Canada&quot;,&quot;postalAddress&quot;:{&quot;regionCode&quot;:&quot;CA&quot;,&quot;languageCode&quot;:&quot;fr&quot;,&quot;postalCode&quot;:&quot;H2X 1Y4&quot;,&quot;administrativeArea&quot;:&quot;QC&quot;,&quot;locality&quot;:&quot;Montréal&quot;,&quot;addressLines&quot;:[&quot;123 Rue S&#10;assert 422 in (200, 201)&#10; +  where 422 = &lt;Response [422]&gt;.status_code">E   AssertionError: {"detail":{"code":"invalid_shipping_address","message":"L'adresse de livraison n'a pas pu être vérifiée. Veuillez la corriger ou accepter la suggestion proposée.","suggestions":[{"formattedAddress":"123 Rue Sprint #4, Montréal, QC H2X 1Y4, Canada","postalAddress":{"regionCode":"CA","languageCode":"fr","postalCode":"H2X 1Y4","administrativeArea":"QC","locality":"Montréal","addressLines":["123 Rue S
    assert 422 in (200, 201)
     +  where 422 = &lt;Response [422]&gt;.status_code</failure></testcase><testcase classname="tests.test_sprint5_affiliate_e2e.TestAliasRotation" name="test_change_discount_creates_alias" time="1.258" /><testcase classname="tests.test_sprint5_affiliate_e2e.TestBulkInvite" name="test_bulk_invite_5col_and_idempotent" time="0.479" /><testcase classname="tests.test_sprint6a_smoke.TestAuth" name="test_register_and_login" time="0.856" /><testcase classname="tests.test_sprint6a_smoke.TestOrderCancel" name="test_admin_cancel_pending_order" time="0.328"><skipped type="pytest.skip" message="No smoke order id (checkout probably failed)">/app/backend/tests/test_sprint6a_smoke.py:248: No smoke order id (checkout probably failed)</skipped></testcase><testcase classname="tests.test_sprint6a_smoke.TestRateLimiting" name="test_login_rate_limit" time="0.765" /></testsuite></testsuites>