<?xml version="1.0" encoding="utf-8"?><testsuites name="pytest tests"><testsuite name="pytest" errors="0" failures="0" skipped="0" tests="11" time="1.106" timestamp="2026-08-10T21:09:26.301896+00:00" hostname="agent-env-676e7d0b-0f94-4b28-8d07-b5c7eaffabe2"><testcase classname="tests.test_cancel_reopen_iter25" name="test_cancel_awaiting_restocks_and_decrements_coupon" time="0.275" /><testcase classname="tests.test_cancel_reopen_iter25" name="test_cancel_paid_reverses_affiliate_commission" time="0.029" /><testcase classname="tests.test_cancel_reopen_iter25" name="test_cancel_awaiting_does_not_touch_referral" time="0.018" /><testcase classname="tests.test_cancel_reopen_iter25" name="test_cancel_via_fulfillment_status" time="0.021" /><testcase classname="tests.test_cancel_reopen_iter25" name="test_reopen_rejects_non_cancelled" time="0.013" /><testcase classname="tests.test_cancel_reopen_iter25" name="test_reopen_insufficient_stock_returns_409_and_rolls_back" time="0.032" /><testcase classname="tests.test_cancel_reopen_iter25" name="test_reopen_happy_path_restores_state" time="0.037" /><testcase classname="tests.test_cancel_reopen_iter25" name="test_reopen_with_mark_paid_transitions_to_paid" time="0.030" /><testcase classname="tests.test_cancel_reopen_iter25" name="test_cancel_reopen_cancel_idempotent" time="0.058" /><testcase classname="tests.test_cancel_reopen_iter25" name="test_auto_cancel_uses_side_effects_helper" time="0.399" /><testcase classname="tests.test_cancel_reopen_iter25" name="test_late_payment_detection_idempotent" time="0.022" /></testsuite></testsuites>