<?xml version="1.0" encoding="utf-8"?><testsuites name="pytest tests"><testsuite name="pytest" errors="0" failures="0" skipped="0" tests="18" time="5.816" timestamp="2026-06-29T01:21:32.636019+00:00" hostname="agent-env-676e7d0b-0f94-4b28-8d07-b5c7eaffabe2"><testcase classname="tests.test_iter3_features" name="test_products_featured_filter_returns_six" time="0.332" /><testcase classname="tests.test_iter3_features" name="test_admin_create_product_with_iter3_fields" time="0.682" /><testcase classname="tests.test_iter3_features" name="test_checkout_preorder_when_stock_zero" time="0.765" /><testcase classname="tests.test_iter3_features" name="test_checkout_rejects_when_stock_zero_no_preorder" time="0.311" /><testcase classname="tests.test_iter3_features" name="test_validate_coupon_valid" time="0.419" /><testcase classname="tests.test_iter3_features" name="test_validate_coupon_invalid" time="0.108" /><testcase classname="tests.test_iter3_features" name="test_checkout_applies_coupon" time="0.191" /><testcase classname="tests.test_iter3_features" name="test_admin_confirm_payment_atomic" time="0.295" /><testcase classname="tests.test_iter3_features" name="test_admin_status_paid_auto_transitions_fulfillment" time="0.324" /><testcase classname="tests.test_iter3_features" name="test_admin_order_notes_and_shipping" time="0.399" /><testcase classname="tests.test_iter3_features" name="test_admin_adjust_stock" time="0.327" /><testcase classname="tests.test_iter3_features" name="test_shipping_zones_seeded" time="0.099" /><testcase classname="tests.test_iter3_features" name="test_shipping_zone_and_method_crud" time="0.622" /><testcase classname="tests.test_iter3_features" name="test_admin_analytics" time="0.110" /><testcase classname="tests.test_iter3_features" name="test_admin_orders_csv" time="0.112" /><testcase classname="tests.test_iter3_features" name="test_admin_products_csv" time="0.116" /><testcase classname="tests.test_iter3_features" name="test_order_invoice_pdf" time="0.296" /><testcase classname="tests.test_iter3_features" name="test_admin_stats_has_low_stock" time="0.208" /></testsuite></testsuites>