<?xml version="1.0" encoding="utf-8"?><testsuites name="pytest tests"><testsuite name="pytest" errors="0" failures="0" skipped="0" tests="5" time="1.273" timestamp="2026-08-10T20:01:18.537087+00:00" hostname="agent-env-676e7d0b-0f94-4b28-8d07-b5c7eaffabe2"><testcase classname="tests.test_iter22_affiliate_admin_update.TestAdminAffiliateExtendedUpdate" name="test_extended_fields_accepted_and_persisted" time="0.770" /><testcase classname="tests.test_iter22_affiliate_admin_update.TestAdminAffiliateExtendedUpdate" name="test_name_update_accepted" time="0.215" /><testcase classname="tests.test_iter22_affiliate_admin_update.TestAdminAffiliateExtendedUpdate" name="test_coupon_percent_out_of_range_rejected" time="0.082" /><testcase classname="tests.test_iter22_affiliate_admin_update.TestAdminAffiliateExtendedUpdate" name="test_coupon_percent_negative_rejected" time="0.066" /><testcase classname="tests.test_iter22_affiliate_admin_update.TestAdminAffiliateExtendedUpdate" name="test_rollback_extended_fields" time="0.065" /></testsuite></testsuites>