<?xml version="1.0" encoding="utf-8"?><testsuites name="pytest tests"><testsuite name="pytest" errors="0" failures="0" skipped="0" tests="15" time="4.662" timestamp="2026-06-28T21:21:40.414744+00:00" hostname="agent-env-676e7d0b-0f94-4b28-8d07-b5c7eaffabe2"><testcase classname="tests.test_nordpep_api" name="test_meta" time="0.234" /><testcase classname="tests.test_nordpep_api" name="test_list_products" time="0.046" /><testcase classname="tests.test_nordpep_api" name="test_products_filter_healing" time="0.041" /><testcase classname="tests.test_nordpep_api" name="test_product_detail_bpc157" time="0.046" /><testcase classname="tests.test_nordpep_api" name="test_register_and_duplicate" time="0.319" /><testcase classname="tests.test_nordpep_api" name="test_login_admin_and_wrong_password" time="0.554" /><testcase classname="tests.test_nordpep_api" name="test_me_with_and_without_token" time="0.543" /><testcase classname="tests.test_nordpep_api" name="test_checkout_interac_qc" time="0.533" /><testcase classname="tests.test_nordpep_api" name="test_checkout_nowpayments_mock" time="0.252" /><testcase classname="tests.test_nordpep_api" name="test_checkout_fails_without_compliance" time="0.224" /><testcase classname="tests.test_nordpep_api" name="test_orders_mine" time="0.104" /><testcase classname="tests.test_nordpep_api" name="test_admin_forbidden_for_user" time="0.097" /><testcase classname="tests.test_nordpep_api" name="test_admin_lists" time="0.297" /><testcase classname="tests.test_nordpep_api" name="test_admin_update_order_status" time="0.344" /><testcase classname="tests.test_nordpep_api" name="test_admin_product_crud" time="0.510" /></testsuite></testsuites>