<?xml version="1.0" encoding="utf-8"?><testsuites name="pytest tests"><testsuite name="pytest" errors="0" failures="0" skipped="4" tests="17" time="3.365" timestamp="2026-08-15T21:53:40.734657+00:00" hostname="agent-env-676e7d0b-0f94-4b28-8d07-b5c7eaffabe2"><testcase classname="tests.test_sprint5_affiliate_e2e.TestPayoutRuns" name="test_run_endpoint_shape" time="0.717"><skipped type="pytest.xfail" message="Impl doesn't support dry_run param — spec vs impl gap" /></testcase><testcase classname="tests.test_sprint5_affiliate_e2e.TestPayoutConfig" name="test_valid_erc20_usdt" time="0.625" /><testcase classname="tests.test_sprint5_affiliate_e2e.TestPayoutConfig" name="test_trc20_usdt_review_expected_200" time="0.046"><skipped type="pytest.xfail" message="TRC20 NOT supported by impl (only ERC-20). status=422" /></testcase><testcase classname="tests.test_sprint5_affiliate_e2e.TestPayoutConfig" name="test_invalid_short_address_400" time="0.050" /><testcase classname="tests.test_sprint5_affiliate_e2e.TestPayoutRuns" name="test_runs_history_endpoint" time="0.088" /><testcase classname="tests.test_sprint5_affiliate_e2e.TestPayoutConfig" name="test_disallowed_currency_rejected" time="0.047" /><testcase classname="tests.test_sprint5_affiliate_e2e.TestPayoutConfig" name="test_fx_rate_on_dashboard" time="0.090" /><testcase classname="tests.test_sprint5_affiliate_e2e.TestPayoutRuns" name="test_mark_paid_flow" time="0.045"><skipped type="pytest.skip" message="no ready payouts to mark paid">/app/backend/tests/test_sprint5_affiliate_e2e.py:301: no ready payouts to mark paid</skipped></testcase><testcase classname="tests.test_sprint5_affiliate_e2e.TestDemoAffiliateDashboard" name="test_demo_login_and_dashboard" time="0.552" /><testcase classname="tests.test_sprint5_affiliate_e2e.TestOnboarding" name="test_invite_and_join_magic_link" time="0.972" /><testcase classname="tests.test_sprint5_affiliate_e2e.TestDemoAffiliateDashboard" name="test_demo_top_products" time="0.046" /><testcase classname="tests.test_sprint5_affiliate_e2e.TestDemoAffiliateDashboard" name="test_demo_referrals" time="0.049" /><testcase classname="tests.test_sprint5_affiliate_e2e.TestBulkInvite" name="test_bulk_invite_5col_and_idempotent" time="0.049" /><testcase classname="tests.test_sprint5_affiliate_e2e.TestAliasRotation" name="test_change_discount_creates_alias" time="0.920" /><testcase classname="tests.test_sprint5_affiliate_e2e.TestOnboarding" name="test_invite_deterministic_code_format_and_collision" time="0.937" /><testcase classname="tests.test_sprint5_affiliate_e2e.TestReferralCookie" name="test_valid_code_sets_cookie" time="0.113" /><testcase classname="tests.test_sprint5_affiliate_e2e.TestReferralCookie" name="test_invalid_code_returns_404" time="0.101"><skipped type="pytest.xfail" message="Spec violation: invalid ref code returns 200 not 404. body={&quot;ok&quot;:true}" /></testcase></testsuite></testsuites>