<?xml version="1.0" encoding="utf-8"?><testsuites name="pytest tests"><testsuite name="pytest" errors="0" failures="2" skipped="4" tests="14" time="2.773" timestamp="2026-08-15T21:31:46.459532+00:00" hostname="agent-env-676e7d0b-0f94-4b28-8d07-b5c7eaffabe2"><testcase classname="tests.test_sprint4_e2e.TestServerDerivedPricing" name="test_flat_shipping_when_under_threshold" time="0.508" /><testcase classname="tests.test_sprint4_e2e.TestServerDerivedPricing" name="test_free_shipping_over_threshold" time="0.115" /><testcase classname="tests.test_sprint4_e2e.TestCoupon" name="test_apply_coupon_reduces_total" time="0.589"><skipped type="pytest.skip" message="Coupon create failed: 403 Origin not allowed">/app/backend/tests/test_sprint4_e2e.py:251: Coupon create failed: 403 Origin not allowed</skipped></testcase><testcase classname="tests.test_sprint4_e2e.TestCoupon" name="test_coupon_used_count_increments_only_after_paid" time="0.000"><skipped type="pytest.skip" message="Coupon create failed: 403 Origin not allowed">/app/backend/tests/test_sprint4_e2e.py:267: Coupon create failed: 403 Origin not allowed</skipped></testcase><testcase classname="tests.test_sprint4_e2e.TestCoupon" name="test_coupon_exhausted_beyond_max_uses" time="0.000"><skipped type="pytest.skip" message="Coupon create failed: 403 Origin not allowed">/app/backend/tests/test_sprint4_e2e.py:308: Coupon create failed: 403 Origin not allowed</skipped></testcase><testcase classname="tests.test_sprint4_e2e.TestCoupon" name="test_paid_order_cancel_decrements_coupon" time="0.000"><skipped type="pytest.skip" message="Coupon create failed: 403 Origin not allowed">/app/backend/tests/test_sprint4_e2e.py:323: Coupon create failed: 403 Origin not allowed</skipped></testcase><testcase classname="tests.test_sprint4_e2e.TestOutOfStock" name="test_qty_over_stock_without_preorder_rejected" time="0.110" /><testcase classname="tests.test_sprint4_e2e.TestServerDerivedPricing" name="test_pricing_tampering_ignored" time="0.105" /><testcase classname="tests.test_sprint4_e2e.TestGuestCheckout" name="test_guest_checkout_and_access_token" time="0.319" /><testcase classname="tests.test_sprint4_e2e.TestIdempotency" name="test_same_key_returns_same_order" time="0.262" /><testcase classname="tests.test_sprint4_e2e.TestAffiliateAttribution" name="test_affiliate_cookie_attaches_to_order" time="0.152" /><testcase classname="tests.test_sprint4_e2e.TestEmailOutbox" name="test_email_queued_after_checkout" time="0.124" /><testcase classname="tests.test_sprint4_e2e.TestFulfillment" name="test_shipping_rates_and_create_label" time="1.027"><failure message="AssertionError: Origin not allowed&#10;assert 403 in (200, 201)&#10; +  where 403 = &lt;Response [403]&gt;.status_code">tests/test_sprint4_e2e.py:507: in test_shipping_rates_and_create_label
    assert cp.status_code in (200, 201), cp.text[:400]
E   AssertionError: Origin not allowed
E   assert 403 in (200, 201)
E    +  where 403 = &lt;Response [403]&gt;.status_code</failure></testcase><testcase classname="tests.test_sprint4_e2e.TestAdminConfirmPayment" name="test_confirm_payment_marks_paid" time="1.258"><failure message="AssertionError: Origin not allowed&#10;assert 403 in (200, 201)&#10; +  where 403 = &lt;Response [403]&gt;.status_code">tests/test_sprint4_e2e.py:546: in test_confirm_payment_marks_paid
    assert cp.status_code in (200, 201), cp.text[:400]
E   AssertionError: Origin not allowed
E   assert 403 in (200, 201)
E    +  where 403 = &lt;Response [403]&gt;.status_code</failure></testcase></testsuite></testsuites>