<?xml version="1.0" encoding="utf-8"?><testsuites name="pytest tests"><testsuite name="pytest" errors="0" failures="1" skipped="1" tests="15" time="1.152" timestamp="2026-08-15T21:03:46.894306+00:00" hostname="agent-env-676e7d0b-0f94-4b28-8d07-b5c7eaffabe2"><testcase classname="tests.test_sprint6a_smoke.TestPublicHealth" name="test_products" time="0.009" /><testcase classname="tests.test_sprint6a_smoke.TestPublicHealth" name="test_categories" time="0.004" /><testcase classname="tests.test_sprint6a_smoke.TestPublicHealth" name="test_menus" time="0.003" /><testcase classname="tests.test_sprint6a_smoke.TestPublicHealth" name="test_site_settings_endpoint_status" time="0.003"><skipped type="pytest.skip" message="/api/site/settings not implemented (documented in report)">/app/backend/tests/test_sprint6a_smoke.py:76: /api/site/settings not implemented (documented in report)</skipped></testcase><testcase classname="tests.test_sprint6a_smoke.TestAuth" name="test_register_and_login" time="0.457" /><testcase classname="tests.test_sprint6a_smoke.TestAdminEndpoints" name="test_admin_orders" time="0.284" /><testcase classname="tests.test_sprint6a_smoke.TestAdminEndpoints" name="test_admin_customers" time="0.048" /><testcase classname="tests.test_sprint6a_smoke.TestAdminEndpoints" name="test_admin_affiliates" time="0.050" /><testcase classname="tests.test_sprint6a_smoke.TestAdminEndpoints" name="test_admin_affiliate_payouts_runs" time="0.046" /><testcase classname="tests.test_sprint6a_smoke.TestGuestCheckout" name="test_guest_checkout_creates_pending_order" time="0.013" /><testcase classname="tests.test_sprint6a_smoke.TestGuestCheckout" name="test_idempotency_key_returns_same_order" time="0.012" /><testcase classname="tests.test_sprint6a_smoke.TestOrderCancel" name="test_admin_cancel_pending_order" time="0.098" /><testcase classname="tests.test_sprint6a_smoke.TestAffiliate" name="test_affiliate_join_requires_token" time="0.004" /><testcase classname="tests.test_sprint6a_smoke.TestAffiliate" name="test_affiliate_join_bad_token" time="0.004" /><testcase classname="tests.test_sprint6a_smoke.TestRateLimiting" name="test_login_rate_limit" time="0.059"><failure message="AssertionError: P0 rate-limit bypass: 15 wrong logins on same email got only [401]. TRUSTED_PROXIES likely empty → _client_ip returns rotating K8s ingress IPs → per-IP throttle never trips.&#10;assert 429 in [401, 401, 401, 401, 401, 401, ...]">tests/test_sprint6a_smoke.py:304: in test_login_rate_limit
    assert 429 in codes, (
E   AssertionError: P0 rate-limit bypass: 15 wrong logins on same email got only [401]. TRUSTED_PROXIES likely empty → _client_ip returns rotating K8s ingress IPs → per-IP throttle never trips.
E   assert 429 in [401, 401, 401, 401, 401, 401, ...]</failure></testcase></testsuite></testsuites>