<?xml version="1.0" encoding="utf-8"?><testsuites name="pytest tests"><testsuite name="pytest" errors="0" failures="0" skipped="0" tests="10" time="3.436" timestamp="2026-07-01T23:03:25.357214+00:00" hostname="agent-env-676e7d0b-0f94-4b28-8d07-b5c7eaffabe2"><testcase classname="tests.test_iter7_countdown_nowpayments" name="test_nowpayments_live_creation_no_mock_flag" time="1.433" /><testcase classname="tests.test_iter7_countdown_nowpayments" name="test_nowpayments_live_payment_id_numeric" time="0.000" /><testcase classname="tests.test_iter7_countdown_nowpayments" name="test_nowpayments_live_pay_address_real_btc" time="0.000" /><testcase classname="tests.test_iter7_countdown_nowpayments" name="test_nowpayments_live_payment_status_waiting" time="0.000" /><testcase classname="tests.test_iter7_countdown_nowpayments" name="test_crypto_status_returns_awaiting_and_waiting" time="0.416" /><testcase classname="tests.test_iter7_countdown_nowpayments" name="test_crypto_status_for_non_crypto_order_returns_404" time="0.341" /><testcase classname="tests.test_iter7_countdown_nowpayments" name="test_crypto_status_paid_order_short_circuits" time="0.234" /><testcase classname="tests.test_iter7_countdown_nowpayments" name="test_stripe_checkout_returns_url" time="0.707" /><testcase classname="tests.test_iter7_countdown_nowpayments" name="test_interac_checkout_decrements_stock" time="0.165" /><testcase classname="tests.test_iter7_countdown_nowpayments" name="test_cleanup_delete_orders_and_restore_stock" time="0.005" /></testsuite></testsuites>