<?xml version="1.0" encoding="utf-8"?><testsuites name="pytest tests"><testsuite name="pytest" errors="0" failures="0" skipped="0" tests="3" time="3.255" timestamp="2026-07-01T22:22:21.225450+00:00" hostname="agent-env-676e7d0b-0f94-4b28-8d07-b5c7eaffabe2"><testcase classname="tests.test_iter5_shipping_autocancel" name="test_shipping_flat_20_when_subtotal_under_200" time="0.493" /><testcase classname="tests.test_iter5_shipping_autocancel" name="test_shipping_free_when_subtotal_at_or_above_200" time="0.203" /><testcase classname="tests.test_iter5_shipping_autocancel" name="test_auto_cancel_stale_unpaid_order_restocks" time="2.433" /></testsuite></testsuites>