<?xml version="1.0" encoding="utf-8"?><testsuites name="pytest tests"><testsuite name="pytest" errors="0" failures="0" skipped="0" tests="10" time="2.636" timestamp="2026-07-01T23:43:42.229667+00:00" hostname="agent-env-676e7d0b-0f94-4b28-8d07-b5c7eaffabe2"><testcase classname="tests.test_iter8_invoice_ipn" name="test_invoice_shape" time="0.649" /><testcase classname="tests.test_iter8_invoice_ipn" name="test_crypto_status_pre_ipn" time="0.153" /><testcase classname="tests.test_iter8_invoice_ipn" name="test_ipn_missing_signature" time="0.178" /><testcase classname="tests.test_iter8_invoice_ipn" name="test_ipn_bad_signature" time="0.170" /><testcase classname="tests.test_iter8_invoice_ipn" name="test_ipn_confirming_only_updates_status" time="0.154" /><testcase classname="tests.test_iter8_invoice_ipn" name="test_ipn_finished_marks_paid" time="0.198" /><testcase classname="tests.test_iter8_invoice_ipn" name="test_crypto_status_after_finished_ipn" time="0.173" /><testcase classname="tests.test_iter8_invoice_ipn" name="test_interac_regression" time="0.150" /><testcase classname="tests.test_iter8_invoice_ipn" name="test_stripe_regression" time="0.669" /><testcase classname="tests.test_iter8_invoice_ipn" name="test_zzz_cleanup" time="0.004" /></testsuite></testsuites>