<?xml version="1.0" encoding="utf-8"?><testsuites name="pytest tests"><testsuite name="pytest" errors="0" failures="0" skipped="0" tests="20" time="13.420" timestamp="2026-06-28T22:05:35.560844+00:00" hostname="agent-env-676e7d0b-0f94-4b28-8d07-b5c7eaffabe2"><testcase classname="tests.test_nordpep_api" name="test_meta" time="0.195" /><testcase classname="tests.test_nordpep_api" name="test_list_products" time="0.049" /><testcase classname="tests.test_nordpep_api" name="test_products_filter_healing" time="0.046" /><testcase classname="tests.test_nordpep_api" name="test_product_detail_bpc157" time="0.045" /><testcase classname="tests.test_nordpep_api" name="test_register_and_duplicate" time="0.319" /><testcase classname="tests.test_nordpep_api" name="test_login_admin_and_wrong_password" time="0.542" /><testcase classname="tests.test_nordpep_api" name="test_me_with_and_without_token" time="0.499" /><testcase classname="tests.test_nordpep_api" name="test_checkout_interac_qc" time="0.485" /><testcase classname="tests.test_nordpep_api" name="test_checkout_nowpayments_mock" time="0.222" /><testcase classname="tests.test_nordpep_api" name="test_checkout_fails_without_compliance" time="0.202" /><testcase classname="tests.test_nordpep_api" name="test_orders_mine" time="0.114" /><testcase classname="tests.test_nordpep_api" name="test_admin_forbidden_for_user" time="0.121" /><testcase classname="tests.test_nordpep_api" name="test_admin_lists" time="0.356" /><testcase classname="tests.test_nordpep_api" name="test_admin_update_order_status" time="0.304" /><testcase classname="tests.test_nordpep_api" name="test_admin_product_crud" time="0.689" /><testcase classname="tests.test_nordpep_api" name="test_iter2_qc_64_99_no_tax_shipping_20" time="0.257" /><testcase classname="tests.test_nordpep_api" name="test_iter2_guest_checkout_stores_email" time="0.298" /><testcase classname="tests.test_nordpep_api" name="test_iter2_any_province_returns_zero_tax" time="0.629" /><testcase classname="tests.test_nordpep_api" name="test_iter2_checkout_logs_two_emails" time="3.189" /><testcase classname="tests.test_nordpep_api" name="test_iter2_payment_received_email_on_status_paid" time="4.306" /></testsuite></testsuites>